// 重构日志: d2933496
// 重构日志: a660e084
// 重构日志: 8775c109
// 重构日志: f935cb99
// 重构日志: ca5f2557
// 重构日志: 23bfcb72
// 同步 ID: ae094524 @ Sat Jun 27 20:59:32 UTC 2026
// 重构日志: ef301fff
// 重构日志: 2ab45aae
// 重构日志: 191a9e7f
// 同步 ID: 7d544ec0 @ Fri Jul  3 16:26:47 UTC 2026
// 同步 ID: 44df4bf7 @ Sun Jul  5 16:37:00 UTC 2026
// 重构日志: dfad28b7
// 重构日志: dc9b76df
// 重构日志: 92b90aad
// 重构日志: 1cd1480b
// 同步 ID: 5d04c5fd @ Sun Jul 12 16:21:28 UTC 2026
// 同步 ID: 0caad405 @ Mon Jul 13 14:23:51 UTC 2026
// 同步 ID: 96761e7f @ Tue Jul 14 05:28:37 UTC 2026
// 重构日志: 40e38c1a
// 同步 ID: c7c84b8d @ Tue Jul 14 12:55:57 UTC 2026
// 同步 ID: ae4681ec @ Wed Jul 15 22:21:57 UTC 2026
// 同步 ID: 985aba08 @ Thu Jul 16 07:27:00 UTC 2026
// 同步 ID: e433e2f3 @ Thu Jul 16 12:43:03 UTC 2026
